[
  {
    "line": 1,
    "elements": [
      {
        "line": 3,
        "name": "Test start message",
        "description": "",
        "type": "background",
        "keyword": "Background",
        "steps": [
          {
            "result": {
              "duration": 3624100,
              "status": "passed"
            },
            "line": 5,
            "name": "User launch chrome browser",
            "match": {
              "location": "Steps.user_launch_chrome_browser()"
            },
            "keyword": "Given "
          },
          {
            "result": {
              "duration": 829951600,
              "status": "passed"
            },
            "line": 6,
            "name": "User opens URL \"https://admin-demo.nopcommerce.com/login\"",
            "match": {
              "arguments": [
                {
                  "val": "\"https://admin-demo.nopcommerce.com/login\"",
                  "offset": 15
                }
              ],
              "location": "Steps.user_opens_URL(String)"
            },
            "keyword": "When "
          },
          {
            "result": {
              "duration": 242641300,
              "status": "passed"
            },
            "line": 7,
            "name": "User enters Email as \"admin@yourstore.com\" and Password as \"admin\"",
            "match": {
              "arguments": [
                {
                  "val": "\"admin@yourstore.com\"",
                  "offset": 21
                },
                {
                  "val": "\"admin\"",
                  "offset": 59
                }
              ],
              "location": "Steps.user_enters_Email_as_and_Password_as(String,String)"
            },
            "keyword": "And "
          },
          {
            "result": {
              "duration": 1726129400,
              "status": "passed"
            },
            "line": 8,
            "name": "Click on Login button",
            "match": {
              "location": "Steps.click_on_Login_button()"
            },
            "keyword": "And "
          },
          {
            "result": {
              "duration": 16082000,
              "status": "passed"
            },
            "line": 9,
            "name": "User can view the Dashboard",
            "match": {
              "location": "Steps.user_can_view_the_Dashboard()"
            },
            "keyword": "Then "
          },
          {
            "result": {
              "duration": 3121631200,
              "status": "passed"
            },
            "line": 10,
            "name": "User click on customer menu",
            "match": {
              "location": "Steps.user_click_on_customer_menu()"
            },
            "keyword": "When "
          },
          {
            "result": {
              "duration": 1636796600,
              "status": "passed"
            },
            "line": 11,
            "name": "User click on Customer Menu item",
            "match": {
              "location": "Steps.user_click_on_Customer_Menu_item()"
            },
            "keyword": "And "
          }
        ]
      },
      {
        "start_timestamp": "2023-01-30T18:31:48.158Z",
        "before": [
          {
            "result": {
              "duration": 4296889400,
              "status": "passed"
            },
            "match": {
              "location": "HooksClass.beforeScenario()"
            }
          }
        ],
        "line": 14,
        "name": "Add a new customer",
        "description": "",
        "id": "customer;add-a-new-customer",
        "after": [
          {
            "result": {
              "duration": 83900,
              "status": "passed"
            },
            "match": {
              "location": "HooksClass.afterScenario()"
            }
          },
          {
            "result": {
              "error_message": "java.lang.NullPointerException: Cannot invoke \"com.aventstack.extentreports.ExtentReports.createTest(String)\" because \"org.utilities.Cucumber_ExtentReport.report\" is null\r\n\tat org.utilities.Cucumber_ExtentReport.createTestLog(Cucumber_ExtentReport.java:63)\r\n\tat org.stepdefinition.HooksClass.afterScenario1(HooksClass.java:25)\r\n\tat java.base/jdk.internal.reflect.NativeMethodAccessorImpl.invoke0(Native Method)\r\n\tat java.base/jdk.internal.reflect.NativeMethodAccessorImpl.invoke(NativeMethodAccessorImpl.java:77)\r\n\tat java.base/jdk.internal.reflect.DelegatingMethodAccessorImpl.invoke(DelegatingMethodAccessorImpl.java:43)\r\n\tat java.base/java.lang.reflect.Method.invoke(Method.java:568)\r\n\tat cucumber.runtime.Utils$1.call(Utils.java:26)\r\n\tat cucumber.runtime.Timeout.timeout(Timeout.java:16)\r\n\tat cucumber.runtime.Utils.invoke(Utils.java:20)\r\n\tat cucumber.runtime.java.JavaHookDefinition.execute(JavaHookDefinition.java:65)\r\n\tat cucumber.runner.HookDefinitionMatch.runStep(HookDefinitionMatch.java:16)\r\n\tat cucumber.runner.TestStep.executeStep(TestStep.java:65)\r\n\tat cucumber.runner.TestStep.run(TestStep.java:50)\r\n\tat cucumber.runner.TestCase.run(TestCase.java:50)\r\n\tat cucumber.runner.Runner.runPickle(Runner.java:50)\r\n\tat io.cucumber.junit.PickleRunners$NoStepDescriptions.run(PickleRunners.java:146)\r\n\tat io.cucumber.junit.FeatureRunner.runChild(FeatureRunner.java:68)\r\n\tat io.cucumber.junit.FeatureRunner.runChild(FeatureRunner.java:23)\r\n\tat org.junit.runners.ParentRunner$3.run(ParentRunner.java:290)\r\n\tat org.junit.runners.ParentRunner$1.schedule(ParentRunner.java:71)\r\n\tat org.junit.runners.ParentRunner.runChildren(ParentRunner.java:288)\r\n\tat org.junit.runners.ParentRunner.access$000(ParentRunner.java:58)\r\n\tat org.junit.runners.ParentRunner$2.evaluate(ParentRunner.java:268)\r\n\tat org.junit.runners.ParentRunner.run(ParentRunner.java:363)\r\n\tat io.cucumber.junit.Cucumber.runChild(Cucumber.java:144)\r\n\tat io.cucumber.junit.Cucumber.runChild(Cucumber.java:65)\r\n\tat org.junit.runners.ParentRunner$3.run(ParentRunner.java:290)\r\n\tat org.junit.runners.ParentRunner$1.schedule(ParentRunner.java:71)\r\n\tat org.junit.runners.ParentRunner.runChildren(ParentRunner.java:288)\r\n\tat org.junit.runners.ParentRunner.access$000(ParentRunner.java:58)\r\n\tat org.junit.runners.ParentRunner$2.evaluate(ParentRunner.java:268)\r\n\tat io.cucumber.junit.Cucumber$RunCucumber.evaluate(Cucumber.java:174)\r\n\tat org.junit.runners.ParentRunner.run(ParentRunner.java:363)\r\n\tat org.eclipse.jdt.internal.junit4.runner.JUnit4TestReference.run(JUnit4TestReference.java:93)\r\n\tat org.eclipse.jdt.internal.junit.runner.TestExecution.run(TestExecution.java:40)\r\n\tat org.eclipse.jdt.internal.junit.runner.RemoteTestRunner.runTests(RemoteTestRunner.java:529)\r\n\tat org.eclipse.jdt.internal.junit.runner.RemoteTestRunner.runTests(RemoteTestRunner.java:756)\r\n\tat org.eclipse.jdt.internal.junit.runner.RemoteTestRunner.run(RemoteTestRunner.java:452)\r\n\tat org.eclipse.jdt.internal.junit.runner.RemoteTestRunner.main(RemoteTestRunner.java:210)\r\n",
              "duration": 525428600,
              "status": "failed"
            },
            "match": {
              "location": "HooksClass.afterScenario1(Scenario)"
            }
          }
        ],
        "type": "scenario",
        "keyword": "Scenario",
        "steps": [
          {
            "result": {
              "duration": 953674800,
              "status": "passed"
            },
            "line": 16,
            "name": "click on Add new button",
            "match": {
              "location": "Steps.click_on_Add_new_button()"
            },
            "keyword": "And "
          },
          {
            "result": {
              "duration": 78036900,
              "status": "passed"
            },
            "line": 17,
            "name": "user can view Add new customer page",
            "match": {
              "location": "Steps.user_can_view_Add_new_customer_page()"
            },
            "keyword": "Then "
          },
          {
            "result": {
              "duration": 1661041900,
              "status": "passed"
            },
            "line": 18,
            "name": "user enter customer info",
            "match": {
              "location": "Steps.user_enter_customer_info()"
            },
            "keyword": "When "
          },
          {
            "result": {
              "duration": 1000713300,
              "status": "passed"
            },
            "line": 19,
            "name": "click on save button",
            "match": {
              "location": "Steps.click_on_save_button()"
            },
            "keyword": "And "
          },
          {
            "result": {
              "duration": 88305900,
              "status": "passed"
            },
            "line": 20,
            "name": "User can view conformation message \"Customers / nopCommerce administration\"",
            "match": {
              "arguments": [
                {
                  "val": "\"Customers / nopCommerce administration\"",
                  "offset": 35
                }
              ],
              "location": "Steps.user_can_view_conformation_message(String)"
            },
            "keyword": "Then "
          },
          {
            "result": {
              "duration": 447700,
              "status": "passed"
            },
            "line": 21,
            "name": "Close browser",
            "match": {
              "location": "Steps.close_browser()"
            },
            "keyword": "And "
          }
        ],
        "tags": [
          {
            "name": "@reg"
          },
          {
            "name": "@smoke"
          }
        ]
      }
    ],
    "name": "Customer",
    "description": "",
    "id": "customer",
    "keyword": "Feature",
    "uri": "file:Features/Customer.feature",
    "tags": []
  },
  {
    "line": 1,
    "elements": [
      {
        "start_timestamp": "2023-01-30T18:32:04.484Z",
        "before": [
          {
            "result": {
              "duration": 2582830600,
              "status": "passed"
            },
            "match": {
              "location": "HooksClass.beforeScenario()"
            }
          }
        ],
        "line": 34,
        "name": "Unsuccessful login with invalid credentials",
        "description": "",
        "id": "login;unsuccessful-login-with-invalid-credentials;;2",
        "after": [
          {
            "result": {
              "duration": 74500,
              "status": "passed"
            },
            "match": {
              "location": "HooksClass.afterScenario()"
            }
          },
          {
            "result": {
              "error_message": "org.openqa.selenium.NoSuchSessionException: invalid session id\nBuild info: version: \u00274.4.0\u0027, revision: \u0027e5c75ed026a\u0027\nSystem info: host: \u0027DESKTOP-1SEO4JR\u0027, ip: \u0027192.168.2.22\u0027, os.name: \u0027Windows 11\u0027, os.arch: \u0027amd64\u0027, os.version: \u002710.0\u0027, java.version: \u002717.0.5\u0027\nDriver info: org.openqa.selenium.edge.EdgeDriver\nCommand: [1025ed134dba18ced7619effcc7602f7, screenshot {}]\nCapabilities {acceptInsecureCerts: false, browserName: msedge, browserVersion: 109.0.1518.70, ms:edgeOptions: {debuggerAddress: localhost:62183}, msedge: {msedgedriverVersion: 109.0.1518.70 (f787d2c3a418..., userDataDir: C:\\Users\\Deepak\\AppData\\Loc...}, networkConnectionEnabled: false, pageLoadStrategy: normal, platformName: WINDOWS, proxy: Proxy(), se:cdp: ws://localhost:62183/devtoo..., se:cdpVersion: 109.0.1518.70, setWindowRect: true, strictFileInteractability: false, timeouts: {implicit: 0, pageLoad: 300000, script: 30000}, unhandledPromptBehavior: dismiss and notify, webauthn:extension:credBlob: true, webauthn:extension:largeBlob: true, webauthn:virtualAuthenticators: true}\nSession ID: 1025ed134dba18ced7619effcc7602f7\r\n\tat java.base/jdk.internal.reflect.NativeConstructorAccessorImpl.newInstance0(Native Method)\r\n\tat java.base/jdk.internal.reflect.NativeConstructorAccessorImpl.newInstance(NativeConstructorAccessorImpl.java:77)\r\n\tat java.base/jdk.internal.reflect.DelegatingConstructorAccessorImpl.newInstance(DelegatingConstructorAccessorImpl.java:45)\r\n\tat java.base/java.lang.reflect.Constructor.newInstanceWithCaller(Constructor.java:499)\r\n\tat java.base/java.lang.reflect.Constructor.newInstance(Constructor.java:480)\r\n\tat org.openqa.selenium.remote.codec.w3c.W3CHttpResponseCodec.createException(W3CHttpResponseCodec.java:200)\r\n\tat org.openqa.selenium.remote.codec.w3c.W3CHttpResponseCodec.decode(W3CHttpResponseCodec.java:133)\r\n\tat org.openqa.selenium.remote.codec.w3c.W3CHttpResponseCodec.decode(W3CHttpResponseCodec.java:53)\r\n\tat org.openqa.selenium.remote.HttpCommandExecutor.execute(HttpCommandExecutor.java:184)\r\n\tat org.openqa.selenium.remote.service.DriverCommandExecutor.invokeExecute(DriverCommandExecutor.java:167)\r\n\tat org.openqa.selenium.remote.service.DriverCommandExecutor.execute(DriverCommandExecutor.java:142)\r\n\tat org.openqa.selenium.remote.RemoteWebDriver.execute(RemoteWebDriver.java:547)\r\n\tat org.openqa.selenium.remote.RemoteWebDriver.execute(RemoteWebDriver.java:602)\r\n\tat org.openqa.selenium.remote.RemoteWebDriver.execute(RemoteWebDriver.java:606)\r\n\tat org.openqa.selenium.remote.RemoteWebDriver.getScreenshotAs(RemoteWebDriver.java:331)\r\n\tat org.utilities.BaseClass.captureScreenshot(BaseClass.java:325)\r\n\tat org.utilities.Cucumber_ExtentReport.createTestLog(Cucumber_ExtentReport.java:58)\r\n\tat org.stepdefinition.HooksClass.afterScenario1(HooksClass.java:25)\r\n\tat java.base/jdk.internal.reflect.NativeMethodAccessorImpl.invoke0(Native Method)\r\n\tat java.base/jdk.internal.reflect.NativeMethodAccessorImpl.invoke(NativeMethodAccessorImpl.java:77)\r\n\tat java.base/jdk.internal.reflect.DelegatingMethodAccessorImpl.invoke(DelegatingMethodAccessorImpl.java:43)\r\n\tat java.base/java.lang.reflect.Method.invoke(Method.java:568)\r\n\tat cucumber.runtime.Utils$1.call(Utils.java:26)\r\n\tat cucumber.runtime.Timeout.timeout(Timeout.java:16)\r\n\tat cucumber.runtime.Utils.invoke(Utils.java:20)\r\n\tat cucumber.runtime.java.JavaHookDefinition.execute(JavaHookDefinition.java:65)\r\n\tat cucumber.runner.HookDefinitionMatch.runStep(HookDefinitionMatch.java:16)\r\n\tat cucumber.runner.TestStep.executeStep(TestStep.java:65)\r\n\tat cucumber.runner.TestStep.run(TestStep.java:50)\r\n\tat cucumber.runner.TestCase.run(TestCase.java:50)\r\n\tat cucumber.runner.Runner.runPickle(Runner.java:50)\r\n\tat io.cucumber.junit.PickleRunners$NoStepDescriptions.run(PickleRunners.java:146)\r\n\tat io.cucumber.junit.FeatureRunner.runChild(FeatureRunner.java:68)\r\n\tat io.cucumber.junit.FeatureRunner.runChild(FeatureRunner.java:23)\r\n\tat org.junit.runners.ParentRunner$3.run(ParentRunner.java:290)\r\n\tat org.junit.runners.ParentRunner$1.schedule(ParentRunner.java:71)\r\n\tat org.junit.runners.ParentRunner.runChildren(ParentRunner.java:288)\r\n\tat org.junit.runners.ParentRunner.access$000(ParentRunner.java:58)\r\n\tat org.junit.runners.ParentRunner$2.evaluate(ParentRunner.java:268)\r\n\tat org.junit.runners.ParentRunner.run(ParentRunner.java:363)\r\n\tat io.cucumber.junit.Cucumber.runChild(Cucumber.java:144)\r\n\tat io.cucumber.junit.Cucumber.runChild(Cucumber.java:65)\r\n\tat org.junit.runners.ParentRunner$3.run(ParentRunner.java:290)\r\n\tat org.junit.runners.ParentRunner$1.schedule(ParentRunner.java:71)\r\n\tat org.junit.runners.ParentRunner.runChildren(ParentRunner.java:288)\r\n\tat org.junit.runners.ParentRunner.access$000(ParentRunner.java:58)\r\n\tat org.junit.runners.ParentRunner$2.evaluate(ParentRunner.java:268)\r\n\tat io.cucumber.junit.Cucumber$RunCucumber.evaluate(Cucumber.java:174)\r\n\tat org.junit.runners.ParentRunner.run(ParentRunner.java:363)\r\n\tat org.eclipse.jdt.internal.junit4.runner.JUnit4TestReference.run(JUnit4TestReference.java:93)\r\n\tat org.eclipse.jdt.internal.junit.runner.TestExecution.run(TestExecution.java:40)\r\n\tat org.eclipse.jdt.internal.junit.runner.RemoteTestRunner.runTests(RemoteTestRunner.java:529)\r\n\tat org.eclipse.jdt.internal.junit.runner.RemoteTestRunner.runTests(RemoteTestRunner.java:756)\r\n\tat org.eclipse.jdt.internal.junit.runner.RemoteTestRunner.run(RemoteTestRunner.java:452)\r\n\tat org.eclipse.jdt.internal.junit.runner.RemoteTestRunner.main(RemoteTestRunner.java:210)\r\n",
              "duration": 2632200,
              "status": "failed"
            },
            "match": {
              "location": "HooksClass.afterScenario1(Scenario)"
            }
          }
        ],
        "type": "scenario",
        "keyword": "Scenario Outline",
        "steps": [
          {
            "result": {
              "duration": 1941700,
              "status": "passed"
            },
            "line": 21,
            "name": "User launch chrome browser",
            "match": {
              "location": "Steps.user_launch_chrome_browser()"
            },
            "keyword": "Given "
          },
          {
            "result": {
              "duration": 747968200,
              "status": "passed"
            },
            "line": 22,
            "name": "User opens URL \"https://admin-demo.nopcommerce.com/login?ReturnUrl\u003d%2Fadmin%2F\"",
            "match": {
              "arguments": [
                {
                  "val": "\"https://admin-demo.nopcommerce.com/login?ReturnUrl\u003d%2Fadmin%2F\"",
                  "offset": 15
                }
              ],
              "location": "Steps.user_opens_URL(String)"
            },
            "keyword": "When "
          },
          {
            "result": {
              "duration": 211205200,
              "status": "passed"
            },
            "line": 23,
            "name": "User enters Email as \"nextexample@gmail.com\" and Password as \"\u003cpassword1\u003e\"",
            "match": {
              "arguments": [
                {
                  "val": "\"nextexample@gmail.com\"",
                  "offset": 21
                },
                {
                  "val": "\"\u003cpassword1\u003e\"",
                  "offset": 61
                }
              ],
              "location": "Steps.user_enters_Email_as_and_Password_as(String,String)"
            },
            "keyword": "And "
          },
          {
            "result": {
              "duration": 472443900,
              "status": "passed"
            },
            "line": 24,
            "name": "Click on Login button",
            "match": {
              "location": "Steps.click_on_Login_button()"
            },
            "keyword": "And "
          },
          {
            "result": {
              "duration": 186457100,
              "status": "passed"
            },
            "line": 25,
            "name": "Page title should be \"Dashboard/ nopCommerce administraiton\"",
            "match": {
              "arguments": [
                {
                  "val": "\"Dashboard/ nopCommerce administraiton\"",
                  "offset": 21
                }
              ],
              "location": "Steps.page_title_should_be(String)"
            },
            "keyword": "Then "
          },
          {
            "result": {
              "error_message": "org.openqa.selenium.NoSuchSessionException: invalid session id\nBuild info: version: \u00274.4.0\u0027, revision: \u0027e5c75ed026a\u0027\nSystem info: host: \u0027DESKTOP-1SEO4JR\u0027, ip: \u0027192.168.2.22\u0027, os.name: \u0027Windows 11\u0027, os.arch: \u0027amd64\u0027, os.version: \u002710.0\u0027, java.version: \u002717.0.5\u0027\nDriver info: org.openqa.selenium.edge.EdgeDriver\nCommand: [1025ed134dba18ced7619effcc7602f7, findElement {using\u003dlink text, value\u003dLogout}]\nCapabilities {acceptInsecureCerts: false, browserName: msedge, browserVersion: 109.0.1518.70, ms:edgeOptions: {debuggerAddress: localhost:62183}, msedge: {msedgedriverVersion: 109.0.1518.70 (f787d2c3a418..., userDataDir: C:\\Users\\Deepak\\AppData\\Loc...}, networkConnectionEnabled: false, pageLoadStrategy: normal, platformName: WINDOWS, proxy: Proxy(), se:cdp: ws://localhost:62183/devtoo..., se:cdpVersion: 109.0.1518.70, setWindowRect: true, strictFileInteractability: false, timeouts: {implicit: 0, pageLoad: 300000, script: 30000}, unhandledPromptBehavior: dismiss and notify, webauthn:extension:credBlob: true, webauthn:extension:largeBlob: true, webauthn:virtualAuthenticators: true}\nSession ID: 1025ed134dba18ced7619effcc7602f7\r\n\tat java.base/jdk.internal.reflect.NativeConstructorAccessorImpl.newInstance0(Native Method)\r\n\tat java.base/jdk.internal.reflect.NativeConstructorAccessorImpl.newInstance(NativeConstructorAccessorImpl.java:77)\r\n\tat java.base/jdk.internal.reflect.DelegatingConstructorAccessorImpl.newInstance(DelegatingConstructorAccessorImpl.java:45)\r\n\tat java.base/java.lang.reflect.Constructor.newInstanceWithCaller(Constructor.java:499)\r\n\tat java.base/java.lang.reflect.Constructor.newInstance(Constructor.java:480)\r\n\tat org.openqa.selenium.remote.codec.w3c.W3CHttpResponseCodec.createException(W3CHttpResponseCodec.java:200)\r\n\tat org.openqa.selenium.remote.codec.w3c.W3CHttpResponseCodec.decode(W3CHttpResponseCodec.java:133)\r\n\tat org.openqa.selenium.remote.codec.w3c.W3CHttpResponseCodec.decode(W3CHttpResponseCodec.java:53)\r\n\tat org.openqa.selenium.remote.HttpCommandExecutor.execute(HttpCommandExecutor.java:184)\r\n\tat org.openqa.selenium.remote.service.DriverCommandExecutor.invokeExecute(DriverCommandExecutor.java:167)\r\n\tat org.openqa.selenium.remote.service.DriverCommandExecutor.execute(DriverCommandExecutor.java:142)\r\n\tat org.openqa.selenium.remote.RemoteWebDriver.execute(RemoteWebDriver.java:547)\r\n\tat org.openqa.selenium.remote.ElementLocation$ElementFinder$2.findElement(ElementLocation.java:162)\r\n\tat org.openqa.selenium.remote.ElementLocation.findElement(ElementLocation.java:60)\r\n\tat org.openqa.selenium.remote.RemoteWebDriver.findElement(RemoteWebDriver.java:365)\r\n\tat org.openqa.selenium.remote.RemoteWebDriver.findElement(RemoteWebDriver.java:357)\r\n\tat org.openqa.selenium.support.pagefactory.DefaultElementLocator.findElement(DefaultElementLocator.java:70)\r\n\tat org.openqa.selenium.support.pagefactory.internal.LocatingElementHandler.invoke(LocatingElementHandler.java:39)\r\n\tat jdk.proxy2/jdk.proxy2.$Proxy38.click(Unknown Source)\r\n\tat org.pageobject.LoginPage.clickLogout(LoginPage.java:53)\r\n\tat org.stepdefinition.Steps.user_click_on_the_logout_link(Steps.java:179)\r\n\tat ✽.User click on the logout link(file:Features/Login.feature:26)\r\n",
              "duration": 41959600,
              "status": "failed"
            },
            "line": 26,
            "name": "User click on the logout link",
            "match": {
              "location": "Steps.user_click_on_the_logout_link()"
            },
            "keyword": "When "
          },
          {
            "result": {
              "duration": 229100,
              "status": "skipped"
            },
            "line": 27,
            "name": "Page title should be \"Your store.Login\"",
            "match": {
              "arguments": [
                {
                  "val": "\"Your store.Login\"",
                  "offset": 21
                }
              ],
              "location": "Steps.page_title_should_be(String)"
            },
            "keyword": "Then "
          },
          {
            "result": {
              "duration": 342200,
              "status": "skipped"
            },
            "line": 28,
            "name": "Close browser",
            "match": {
              "location": "Steps.close_browser()"
            },
            "keyword": "And "
          }
        ],
        "tags": [
          {
            "name": "@epic10"
          }
        ]
      },
      {
        "start_timestamp": "2023-01-30T18:32:08.760Z",
        "before": [
          {
            "result": {
              "duration": 2604018400,
              "status": "passed"
            },
            "match": {
              "location": "HooksClass.beforeScenario()"
            }
          }
        ],
        "line": 35,
        "name": "Unsuccessful login with invalid credentials",
        "description": "",
        "id": "login;unsuccessful-login-with-invalid-credentials;;3",
        "after": [
          {
            "result": {
              "duration": 158100,
              "status": "passed"
            },
            "match": {
              "location": "HooksClass.afterScenario()"
            }
          },
          {
            "result": {
              "error_message": "org.openqa.selenium.NoSuchSessionException: invalid session id\nBuild info: version: \u00274.4.0\u0027, revision: \u0027e5c75ed026a\u0027\nSystem info: host: \u0027DESKTOP-1SEO4JR\u0027, ip: \u0027192.168.2.22\u0027, os.name: \u0027Windows 11\u0027, os.arch: \u0027amd64\u0027, os.version: \u002710.0\u0027, java.version: \u002717.0.5\u0027\nDriver info: org.openqa.selenium.edge.EdgeDriver\nCommand: [be21b3e82c0892f361cf7280b5d8ff39, screenshot {}]\nCapabilities {acceptInsecureCerts: false, browserName: msedge, browserVersion: 109.0.1518.70, ms:edgeOptions: {debuggerAddress: localhost:62213}, msedge: {msedgedriverVersion: 109.0.1518.70 (f787d2c3a418..., userDataDir: C:\\Users\\Deepak\\AppData\\Loc...}, networkConnectionEnabled: false, pageLoadStrategy: normal, platformName: WINDOWS, proxy: Proxy(), se:cdp: ws://localhost:62213/devtoo..., se:cdpVersion: 109.0.1518.70, setWindowRect: true, strictFileInteractability: false, timeouts: {implicit: 0, pageLoad: 300000, script: 30000}, unhandledPromptBehavior: dismiss and notify, webauthn:extension:credBlob: true, webauthn:extension:largeBlob: true, webauthn:virtualAuthenticators: true}\nSession ID: be21b3e82c0892f361cf7280b5d8ff39\r\n\tat java.base/jdk.internal.reflect.NativeConstructorAccessorImpl.newInstance0(Native Method)\r\n\tat java.base/jdk.internal.reflect.NativeConstructorAccessorImpl.newInstance(NativeConstructorAccessorImpl.java:77)\r\n\tat java.base/jdk.internal.reflect.DelegatingConstructorAccessorImpl.newInstance(DelegatingConstructorAccessorImpl.java:45)\r\n\tat java.base/java.lang.reflect.Constructor.newInstanceWithCaller(Constructor.java:499)\r\n\tat java.base/java.lang.reflect.Constructor.newInstance(Constructor.java:480)\r\n\tat org.openqa.selenium.remote.codec.w3c.W3CHttpResponseCodec.createException(W3CHttpResponseCodec.java:200)\r\n\tat org.openqa.selenium.remote.codec.w3c.W3CHttpResponseCodec.decode(W3CHttpResponseCodec.java:133)\r\n\tat org.openqa.selenium.remote.codec.w3c.W3CHttpResponseCodec.decode(W3CHttpResponseCodec.java:53)\r\n\tat org.openqa.selenium.remote.HttpCommandExecutor.execute(HttpCommandExecutor.java:184)\r\n\tat org.openqa.selenium.remote.service.DriverCommandExecutor.invokeExecute(DriverCommandExecutor.java:167)\r\n\tat org.openqa.selenium.remote.service.DriverCommandExecutor.execute(DriverCommandExecutor.java:142)\r\n\tat org.openqa.selenium.remote.RemoteWebDriver.execute(RemoteWebDriver.java:547)\r\n\tat org.openqa.selenium.remote.RemoteWebDriver.execute(RemoteWebDriver.java:602)\r\n\tat org.openqa.selenium.remote.RemoteWebDriver.execute(RemoteWebDriver.java:606)\r\n\tat org.openqa.selenium.remote.RemoteWebDriver.getScreenshotAs(RemoteWebDriver.java:331)\r\n\tat org.utilities.BaseClass.captureScreenshot(BaseClass.java:325)\r\n\tat org.utilities.Cucumber_ExtentReport.createTestLog(Cucumber_ExtentReport.java:58)\r\n\tat org.stepdefinition.HooksClass.afterScenario1(HooksClass.java:25)\r\n\tat java.base/jdk.internal.reflect.NativeMethodAccessorImpl.invoke0(Native Method)\r\n\tat java.base/jdk.internal.reflect.NativeMethodAccessorImpl.invoke(NativeMethodAccessorImpl.java:77)\r\n\tat java.base/jdk.internal.reflect.DelegatingMethodAccessorImpl.invoke(DelegatingMethodAccessorImpl.java:43)\r\n\tat java.base/java.lang.reflect.Method.invoke(Method.java:568)\r\n\tat cucumber.runtime.Utils$1.call(Utils.java:26)\r\n\tat cucumber.runtime.Timeout.timeout(Timeout.java:16)\r\n\tat cucumber.runtime.Utils.invoke(Utils.java:20)\r\n\tat cucumber.runtime.java.JavaHookDefinition.execute(JavaHookDefinition.java:65)\r\n\tat cucumber.runner.HookDefinitionMatch.runStep(HookDefinitionMatch.java:16)\r\n\tat cucumber.runner.TestStep.executeStep(TestStep.java:65)\r\n\tat cucumber.runner.TestStep.run(TestStep.java:50)\r\n\tat cucumber.runner.TestCase.run(TestCase.java:50)\r\n\tat cucumber.runner.Runner.runPickle(Runner.java:50)\r\n\tat io.cucumber.junit.PickleRunners$NoStepDescriptions.run(PickleRunners.java:146)\r\n\tat io.cucumber.junit.FeatureRunner.runChild(FeatureRunner.java:68)\r\n\tat io.cucumber.junit.FeatureRunner.runChild(FeatureRunner.java:23)\r\n\tat org.junit.runners.ParentRunner$3.run(ParentRunner.java:290)\r\n\tat org.junit.runners.ParentRunner$1.schedule(ParentRunner.java:71)\r\n\tat org.junit.runners.ParentRunner.runChildren(ParentRunner.java:288)\r\n\tat org.junit.runners.ParentRunner.access$000(ParentRunner.java:58)\r\n\tat org.junit.runners.ParentRunner$2.evaluate(ParentRunner.java:268)\r\n\tat org.junit.runners.ParentRunner.run(ParentRunner.java:363)\r\n\tat io.cucumber.junit.Cucumber.runChild(Cucumber.java:144)\r\n\tat io.cucumber.junit.Cucumber.runChild(Cucumber.java:65)\r\n\tat org.junit.runners.ParentRunner$3.run(ParentRunner.java:290)\r\n\tat org.junit.runners.ParentRunner$1.schedule(ParentRunner.java:71)\r\n\tat org.junit.runners.ParentRunner.runChildren(ParentRunner.java:288)\r\n\tat org.junit.runners.ParentRunner.access$000(ParentRunner.java:58)\r\n\tat org.junit.runners.ParentRunner$2.evaluate(ParentRunner.java:268)\r\n\tat io.cucumber.junit.Cucumber$RunCucumber.evaluate(Cucumber.java:174)\r\n\tat org.junit.runners.ParentRunner.run(ParentRunner.java:363)\r\n\tat org.eclipse.jdt.internal.junit4.runner.JUnit4TestReference.run(JUnit4TestReference.java:93)\r\n\tat org.eclipse.jdt.internal.junit.runner.TestExecution.run(TestExecution.java:40)\r\n\tat org.eclipse.jdt.internal.junit.runner.RemoteTestRunner.runTests(RemoteTestRunner.java:529)\r\n\tat org.eclipse.jdt.internal.junit.runner.RemoteTestRunner.runTests(RemoteTestRunner.java:756)\r\n\tat org.eclipse.jdt.internal.junit.runner.RemoteTestRunner.run(RemoteTestRunner.java:452)\r\n\tat org.eclipse.jdt.internal.junit.runner.RemoteTestRunner.main(RemoteTestRunner.java:210)\r\n",
              "duration": 5993500,
              "status": "failed"
            },
            "match": {
              "location": "HooksClass.afterScenario1(Scenario)"
            }
          }
        ],
        "type": "scenario",
        "keyword": "Scenario Outline",
        "steps": [
          {
            "result": {
              "duration": 1226100,
              "status": "passed"
            },
            "line": 21,
            "name": "User launch chrome browser",
            "match": {
              "location": "Steps.user_launch_chrome_browser()"
            },
            "keyword": "Given "
          },
          {
            "result": {
              "duration": 587614700,
              "status": "passed"
            },
            "line": 22,
            "name": "User opens URL \"https://admin-demo.nopcommerce.com/login?ReturnUrl\u003d%2Fadmin%2F\"",
            "match": {
              "arguments": [
                {
                  "val": "\"https://admin-demo.nopcommerce.com/login?ReturnUrl\u003d%2Fadmin%2F\"",
                  "offset": 15
                }
              ],
              "location": "Steps.user_opens_URL(String)"
            },
            "keyword": "When "
          },
          {
            "result": {
              "duration": 211587700,
              "status": "passed"
            },
            "line": 23,
            "name": "User enters Email as \"StrgentPI@gmail.com\" and Password as \"\u003cpassword1\u003e\"",
            "match": {
              "arguments": [
                {
                  "val": "\"StrgentPI@gmail.com\"",
                  "offset": 21
                },
                {
                  "val": "\"\u003cpassword1\u003e\"",
                  "offset": 59
                }
              ],
              "location": "Steps.user_enters_Email_as_and_Password_as(String,String)"
            },
            "keyword": "And "
          },
          {
            "result": {
              "duration": 490984600,
              "status": "passed"
            },
            "line": 24,
            "name": "Click on Login button",
            "match": {
              "location": "Steps.click_on_Login_button()"
            },
            "keyword": "And "
          },
          {
            "result": {
              "duration": 128628200,
              "status": "passed"
            },
            "line": 25,
            "name": "Page title should be \"Dashboard/ nopCommerce administraiton\"",
            "match": {
              "arguments": [
                {
                  "val": "\"Dashboard/ nopCommerce administraiton\"",
                  "offset": 21
                }
              ],
              "location": "Steps.page_title_should_be(String)"
            },
            "keyword": "Then "
          },
          {
            "result": {
              "error_message": "org.openqa.selenium.NoSuchSessionException: invalid session id\nBuild info: version: \u00274.4.0\u0027, revision: \u0027e5c75ed026a\u0027\nSystem info: host: \u0027DESKTOP-1SEO4JR\u0027, ip: \u0027192.168.2.22\u0027, os.name: \u0027Windows 11\u0027, os.arch: \u0027amd64\u0027, os.version: \u002710.0\u0027, java.version: \u002717.0.5\u0027\nDriver info: org.openqa.selenium.edge.EdgeDriver\nCommand: [be21b3e82c0892f361cf7280b5d8ff39, findElement {using\u003dlink text, value\u003dLogout}]\nCapabilities {acceptInsecureCerts: false, browserName: msedge, browserVersion: 109.0.1518.70, ms:edgeOptions: {debuggerAddress: localhost:62213}, msedge: {msedgedriverVersion: 109.0.1518.70 (f787d2c3a418..., userDataDir: C:\\Users\\Deepak\\AppData\\Loc...}, networkConnectionEnabled: false, pageLoadStrategy: normal, platformName: WINDOWS, proxy: Proxy(), se:cdp: ws://localhost:62213/devtoo..., se:cdpVersion: 109.0.1518.70, setWindowRect: true, strictFileInteractability: false, timeouts: {implicit: 0, pageLoad: 300000, script: 30000}, unhandledPromptBehavior: dismiss and notify, webauthn:extension:credBlob: true, webauthn:extension:largeBlob: true, webauthn:virtualAuthenticators: true}\nSession ID: be21b3e82c0892f361cf7280b5d8ff39\r\n\tat java.base/jdk.internal.reflect.NativeConstructorAccessorImpl.newInstance0(Native Method)\r\n\tat java.base/jdk.internal.reflect.NativeConstructorAccessorImpl.newInstance(NativeConstructorAccessorImpl.java:77)\r\n\tat java.base/jdk.internal.reflect.DelegatingConstructorAccessorImpl.newInstance(DelegatingConstructorAccessorImpl.java:45)\r\n\tat java.base/java.lang.reflect.Constructor.newInstanceWithCaller(Constructor.java:499)\r\n\tat java.base/java.lang.reflect.Constructor.newInstance(Constructor.java:480)\r\n\tat org.openqa.selenium.remote.codec.w3c.W3CHttpResponseCodec.createException(W3CHttpResponseCodec.java:200)\r\n\tat org.openqa.selenium.remote.codec.w3c.W3CHttpResponseCodec.decode(W3CHttpResponseCodec.java:133)\r\n\tat org.openqa.selenium.remote.codec.w3c.W3CHttpResponseCodec.decode(W3CHttpResponseCodec.java:53)\r\n\tat org.openqa.selenium.remote.HttpCommandExecutor.execute(HttpCommandExecutor.java:184)\r\n\tat org.openqa.selenium.remote.service.DriverCommandExecutor.invokeExecute(DriverCommandExecutor.java:167)\r\n\tat org.openqa.selenium.remote.service.DriverCommandExecutor.execute(DriverCommandExecutor.java:142)\r\n\tat org.openqa.selenium.remote.RemoteWebDriver.execute(RemoteWebDriver.java:547)\r\n\tat org.openqa.selenium.remote.ElementLocation$ElementFinder$2.findElement(ElementLocation.java:162)\r\n\tat org.openqa.selenium.remote.ElementLocation.findElement(ElementLocation.java:60)\r\n\tat org.openqa.selenium.remote.RemoteWebDriver.findElement(RemoteWebDriver.java:365)\r\n\tat org.openqa.selenium.remote.RemoteWebDriver.findElement(RemoteWebDriver.java:357)\r\n\tat org.openqa.selenium.support.pagefactory.DefaultElementLocator.findElement(DefaultElementLocator.java:70)\r\n\tat org.openqa.selenium.support.pagefactory.internal.LocatingElementHandler.invoke(LocatingElementHandler.java:39)\r\n\tat jdk.proxy2/jdk.proxy2.$Proxy38.click(Unknown Source)\r\n\tat org.pageobject.LoginPage.clickLogout(LoginPage.java:53)\r\n\tat org.stepdefinition.Steps.user_click_on_the_logout_link(Steps.java:179)\r\n\tat ✽.User click on the logout link(file:Features/Login.feature:26)\r\n",
              "duration": 42271200,
              "status": "failed"
            },
            "line": 26,
            "name": "User click on the logout link",
            "match": {
              "location": "Steps.user_click_on_the_logout_link()"
            },
            "keyword": "When "
          },
          {
            "result": {
              "duration": 386400,
              "status": "skipped"
            },
            "line": 27,
            "name": "Page title should be \"Your store.Login\"",
            "match": {
              "arguments": [
                {
                  "val": "\"Your store.Login\"",
                  "offset": 21
                }
              ],
              "location": "Steps.page_title_should_be(String)"
            },
            "keyword": "Then "
          },
          {
            "result": {
              "duration": 362800,
              "status": "skipped"
            },
            "line": 28,
            "name": "Close browser",
            "match": {
              "location": "Steps.close_browser()"
            },
            "keyword": "And "
          }
        ],
        "tags": [
          {
            "name": "@epic10"
          }
        ]
      },
      {
        "start_timestamp": "2023-01-30T18:32:12.848Z",
        "before": [
          {
            "result": {
              "duration": 2465989200,
              "status": "passed"
            },
            "match": {
              "location": "HooksClass.beforeScenario()"
            }
          }
        ],
        "line": 36,
        "name": "Unsuccessful login with invalid credentials",
        "description": "",
        "id": "login;unsuccessful-login-with-invalid-credentials;;4",
        "after": [
          {
            "result": {
              "duration": 59500,
              "status": "passed"
            },
            "match": {
              "location": "HooksClass.afterScenario()"
            }
          },
          {
            "result": {
              "error_message": "org.openqa.selenium.NoSuchSessionException: invalid session id\nBuild info: version: \u00274.4.0\u0027, revision: \u0027e5c75ed026a\u0027\nSystem info: host: \u0027DESKTOP-1SEO4JR\u0027, ip: \u0027192.168.2.22\u0027, os.name: \u0027Windows 11\u0027, os.arch: \u0027amd64\u0027, os.version: \u002710.0\u0027, java.version: \u002717.0.5\u0027\nDriver info: org.openqa.selenium.edge.EdgeDriver\nCommand: [c49f37185d4f59884f3e1123b2f61139, screenshot {}]\nCapabilities {acceptInsecureCerts: false, browserName: msedge, browserVersion: 109.0.1518.70, ms:edgeOptions: {debuggerAddress: localhost:62243}, msedge: {msedgedriverVersion: 109.0.1518.70 (f787d2c3a418..., userDataDir: C:\\Users\\Deepak\\AppData\\Loc...}, networkConnectionEnabled: false, pageLoadStrategy: normal, platformName: WINDOWS, proxy: Proxy(), se:cdp: ws://localhost:62243/devtoo..., se:cdpVersion: 109.0.1518.70, setWindowRect: true, strictFileInteractability: false, timeouts: {implicit: 0, pageLoad: 300000, script: 30000}, unhandledPromptBehavior: dismiss and notify, webauthn:extension:credBlob: true, webauthn:extension:largeBlob: true, webauthn:virtualAuthenticators: true}\nSession ID: c49f37185d4f59884f3e1123b2f61139\r\n\tat java.base/jdk.internal.reflect.NativeConstructorAccessorImpl.newInstance0(Native Method)\r\n\tat java.base/jdk.internal.reflect.NativeConstructorAccessorImpl.newInstance(NativeConstructorAccessorImpl.java:77)\r\n\tat java.base/jdk.internal.reflect.DelegatingConstructorAccessorImpl.newInstance(DelegatingConstructorAccessorImpl.java:45)\r\n\tat java.base/java.lang.reflect.Constructor.newInstanceWithCaller(Constructor.java:499)\r\n\tat java.base/java.lang.reflect.Constructor.newInstance(Constructor.java:480)\r\n\tat org.openqa.selenium.remote.codec.w3c.W3CHttpResponseCodec.createException(W3CHttpResponseCodec.java:200)\r\n\tat org.openqa.selenium.remote.codec.w3c.W3CHttpResponseCodec.decode(W3CHttpResponseCodec.java:133)\r\n\tat org.openqa.selenium.remote.codec.w3c.W3CHttpResponseCodec.decode(W3CHttpResponseCodec.java:53)\r\n\tat org.openqa.selenium.remote.HttpCommandExecutor.execute(HttpCommandExecutor.java:184)\r\n\tat org.openqa.selenium.remote.service.DriverCommandExecutor.invokeExecute(DriverCommandExecutor.java:167)\r\n\tat org.openqa.selenium.remote.service.DriverCommandExecutor.execute(DriverCommandExecutor.java:142)\r\n\tat org.openqa.selenium.remote.RemoteWebDriver.execute(RemoteWebDriver.java:547)\r\n\tat org.openqa.selenium.remote.RemoteWebDriver.execute(RemoteWebDriver.java:602)\r\n\tat org.openqa.selenium.remote.RemoteWebDriver.execute(RemoteWebDriver.java:606)\r\n\tat org.openqa.selenium.remote.RemoteWebDriver.getScreenshotAs(RemoteWebDriver.java:331)\r\n\tat org.utilities.BaseClass.captureScreenshot(BaseClass.java:325)\r\n\tat org.utilities.Cucumber_ExtentReport.createTestLog(Cucumber_ExtentReport.java:58)\r\n\tat org.stepdefinition.HooksClass.afterScenario1(HooksClass.java:25)\r\n\tat java.base/jdk.internal.reflect.NativeMethodAccessorImpl.invoke0(Native Method)\r\n\tat java.base/jdk.internal.reflect.NativeMethodAccessorImpl.invoke(NativeMethodAccessorImpl.java:77)\r\n\tat java.base/jdk.internal.reflect.DelegatingMethodAccessorImpl.invoke(DelegatingMethodAccessorImpl.java:43)\r\n\tat java.base/java.lang.reflect.Method.invoke(Method.java:568)\r\n\tat cucumber.runtime.Utils$1.call(Utils.java:26)\r\n\tat cucumber.runtime.Timeout.timeout(Timeout.java:16)\r\n\tat cucumber.runtime.Utils.invoke(Utils.java:20)\r\n\tat cucumber.runtime.java.JavaHookDefinition.execute(JavaHookDefinition.java:65)\r\n\tat cucumber.runner.HookDefinitionMatch.runStep(HookDefinitionMatch.java:16)\r\n\tat cucumber.runner.TestStep.executeStep(TestStep.java:65)\r\n\tat cucumber.runner.TestStep.run(TestStep.java:50)\r\n\tat cucumber.runner.TestCase.run(TestCase.java:50)\r\n\tat cucumber.runner.Runner.runPickle(Runner.java:50)\r\n\tat io.cucumber.junit.PickleRunners$NoStepDescriptions.run(PickleRunners.java:146)\r\n\tat io.cucumber.junit.FeatureRunner.runChild(FeatureRunner.java:68)\r\n\tat io.cucumber.junit.FeatureRunner.runChild(FeatureRunner.java:23)\r\n\tat org.junit.runners.ParentRunner$3.run(ParentRunner.java:290)\r\n\tat org.junit.runners.ParentRunner$1.schedule(ParentRunner.java:71)\r\n\tat org.junit.runners.ParentRunner.runChildren(ParentRunner.java:288)\r\n\tat org.junit.runners.ParentRunner.access$000(ParentRunner.java:58)\r\n\tat org.junit.runners.ParentRunner$2.evaluate(ParentRunner.java:268)\r\n\tat org.junit.runners.ParentRunner.run(ParentRunner.java:363)\r\n\tat io.cucumber.junit.Cucumber.runChild(Cucumber.java:144)\r\n\tat io.cucumber.junit.Cucumber.runChild(Cucumber.java:65)\r\n\tat org.junit.runners.ParentRunner$3.run(ParentRunner.java:290)\r\n\tat org.junit.runners.ParentRunner$1.schedule(ParentRunner.java:71)\r\n\tat org.junit.runners.ParentRunner.runChildren(ParentRunner.java:288)\r\n\tat org.junit.runners.ParentRunner.access$000(ParentRunner.java:58)\r\n\tat org.junit.runners.ParentRunner$2.evaluate(ParentRunner.java:268)\r\n\tat io.cucumber.junit.Cucumber$RunCucumber.evaluate(Cucumber.java:174)\r\n\tat org.junit.runners.ParentRunner.run(ParentRunner.java:363)\r\n\tat org.eclipse.jdt.internal.junit4.runner.JUnit4TestReference.run(JUnit4TestReference.java:93)\r\n\tat org.eclipse.jdt.internal.junit.runner.TestExecution.run(TestExecution.java:40)\r\n\tat org.eclipse.jdt.internal.junit.runner.RemoteTestRunner.runTests(RemoteTestRunner.java:529)\r\n\tat org.eclipse.jdt.internal.junit.runner.RemoteTestRunner.runTests(RemoteTestRunner.java:756)\r\n\tat org.eclipse.jdt.internal.junit.runner.RemoteTestRunner.run(RemoteTestRunner.java:452)\r\n\tat org.eclipse.jdt.internal.junit.runner.RemoteTestRunner.main(RemoteTestRunner.java:210)\r\n",
              "duration": 2206600,
              "status": "failed"
            },
            "match": {
              "location": "HooksClass.afterScenario1(Scenario)"
            }
          }
        ],
        "type": "scenario",
        "keyword": "Scenario Outline",
        "steps": [
          {
            "result": {
              "duration": 686700,
              "status": "passed"
            },
            "line": 21,
            "name": "User launch chrome browser",
            "match": {
              "location": "Steps.user_launch_chrome_browser()"
            },
            "keyword": "Given "
          },
          {
            "result": {
              "duration": 709169800,
              "status": "passed"
            },
            "line": 22,
            "name": "User opens URL \"https://admin-demo.nopcommerce.com/login?ReturnUrl\u003d%2Fadmin%2F\"",
            "match": {
              "arguments": [
                {
                  "val": "\"https://admin-demo.nopcommerce.com/login?ReturnUrl\u003d%2Fadmin%2F\"",
                  "offset": 15
                }
              ],
              "location": "Steps.user_opens_URL(String)"
            },
            "keyword": "When "
          },
          {
            "result": {
              "duration": 244548800,
              "status": "passed"
            },
            "line": 23,
            "name": "User enters Email as \"Sharma95deepak@gmail.com\" and Password as \"\u003cpassword1\u003e\"",
            "match": {
              "arguments": [
                {
                  "val": "\"Sharma95deepak@gmail.com\"",
                  "offset": 21
                },
                {
                  "val": "\"\u003cpassword1\u003e\"",
                  "offset": 64
                }
              ],
              "location": "Steps.user_enters_Email_as_and_Password_as(String,String)"
            },
            "keyword": "And "
          },
          {
            "result": {
              "duration": 603510600,
              "status": "passed"
            },
            "line": 24,
            "name": "Click on Login button",
            "match": {
              "location": "Steps.click_on_Login_button()"
            },
            "keyword": "And "
          },
          {
            "result": {
              "duration": 122365200,
              "status": "passed"
            },
            "line": 25,
            "name": "Page title should be \"Dashboard/ nopCommerce administraiton\"",
            "match": {
              "arguments": [
                {
                  "val": "\"Dashboard/ nopCommerce administraiton\"",
                  "offset": 21
                }
              ],
              "location": "Steps.page_title_should_be(String)"
            },
            "keyword": "Then "
          },
          {
            "result": {
              "error_message": "org.openqa.selenium.NoSuchSessionException: invalid session id\nBuild info: version: \u00274.4.0\u0027, revision: \u0027e5c75ed026a\u0027\nSystem info: host: \u0027DESKTOP-1SEO4JR\u0027, ip: \u0027192.168.2.22\u0027, os.name: \u0027Windows 11\u0027, os.arch: \u0027amd64\u0027, os.version: \u002710.0\u0027, java.version: \u002717.0.5\u0027\nDriver info: org.openqa.selenium.edge.EdgeDriver\nCommand: [c49f37185d4f59884f3e1123b2f61139, findElement {using\u003dlink text, value\u003dLogout}]\nCapabilities {acceptInsecureCerts: false, browserName: msedge, browserVersion: 109.0.1518.70, ms:edgeOptions: {debuggerAddress: localhost:62243}, msedge: {msedgedriverVersion: 109.0.1518.70 (f787d2c3a418..., userDataDir: C:\\Users\\Deepak\\AppData\\Loc...}, networkConnectionEnabled: false, pageLoadStrategy: normal, platformName: WINDOWS, proxy: Proxy(), se:cdp: ws://localhost:62243/devtoo..., se:cdpVersion: 109.0.1518.70, setWindowRect: true, strictFileInteractability: false, timeouts: {implicit: 0, pageLoad: 300000, script: 30000}, unhandledPromptBehavior: dismiss and notify, webauthn:extension:credBlob: true, webauthn:extension:largeBlob: true, webauthn:virtualAuthenticators: true}\nSession ID: c49f37185d4f59884f3e1123b2f61139\r\n\tat java.base/jdk.internal.reflect.NativeConstructorAccessorImpl.newInstance0(Native Method)\r\n\tat java.base/jdk.internal.reflect.NativeConstructorAccessorImpl.newInstance(NativeConstructorAccessorImpl.java:77)\r\n\tat java.base/jdk.internal.reflect.DelegatingConstructorAccessorImpl.newInstance(DelegatingConstructorAccessorImpl.java:45)\r\n\tat java.base/java.lang.reflect.Constructor.newInstanceWithCaller(Constructor.java:499)\r\n\tat java.base/java.lang.reflect.Constructor.newInstance(Constructor.java:480)\r\n\tat org.openqa.selenium.remote.codec.w3c.W3CHttpResponseCodec.createException(W3CHttpResponseCodec.java:200)\r\n\tat org.openqa.selenium.remote.codec.w3c.W3CHttpResponseCodec.decode(W3CHttpResponseCodec.java:133)\r\n\tat org.openqa.selenium.remote.codec.w3c.W3CHttpResponseCodec.decode(W3CHttpResponseCodec.java:53)\r\n\tat org.openqa.selenium.remote.HttpCommandExecutor.execute(HttpCommandExecutor.java:184)\r\n\tat org.openqa.selenium.remote.service.DriverCommandExecutor.invokeExecute(DriverCommandExecutor.java:167)\r\n\tat org.openqa.selenium.remote.service.DriverCommandExecutor.execute(DriverCommandExecutor.java:142)\r\n\tat org.openqa.selenium.remote.RemoteWebDriver.execute(RemoteWebDriver.java:547)\r\n\tat org.openqa.selenium.remote.ElementLocation$ElementFinder$2.findElement(ElementLocation.java:162)\r\n\tat org.openqa.selenium.remote.ElementLocation.findElement(ElementLocation.java:60)\r\n\tat org.openqa.selenium.remote.RemoteWebDriver.findElement(RemoteWebDriver.java:365)\r\n\tat org.openqa.selenium.remote.RemoteWebDriver.findElement(RemoteWebDriver.java:357)\r\n\tat org.openqa.selenium.support.pagefactory.DefaultElementLocator.findElement(DefaultElementLocator.java:70)\r\n\tat org.openqa.selenium.support.pagefactory.internal.LocatingElementHandler.invoke(LocatingElementHandler.java:39)\r\n\tat jdk.proxy2/jdk.proxy2.$Proxy38.click(Unknown Source)\r\n\tat org.pageobject.LoginPage.clickLogout(LoginPage.java:53)\r\n\tat org.stepdefinition.Steps.user_click_on_the_logout_link(Steps.java:179)\r\n\tat ✽.User click on the logout link(file:Features/Login.feature:26)\r\n",
              "duration": 30752700,
              "status": "failed"
            },
            "line": 26,
            "name": "User click on the logout link",
            "match": {
              "location": "Steps.user_click_on_the_logout_link()"
            },
            "keyword": "When "
          },
          {
            "result": {
              "duration": 230400,
              "status": "skipped"
            },
            "line": 27,
            "name": "Page title should be \"Your store.Login\"",
            "match": {
              "arguments": [
                {
                  "val": "\"Your store.Login\"",
                  "offset": 21
                }
              ],
              "location": "Steps.page_title_should_be(String)"
            },
            "keyword": "Then "
          },
          {
            "result": {
              "duration": 395000,
              "status": "skipped"
            },
            "line": 28,
            "name": "Close browser",
            "match": {
              "location": "Steps.close_browser()"
            },
            "keyword": "And "
          }
        ],
        "tags": [
          {
            "name": "@epic10"
          }
        ]
      }
    ],
    "name": "Login",
    "description": "",
    "id": "login",
    "keyword": "Feature",
    "uri": "file:Features/Login.feature",
    "tags": []
  }
]